<?xml version="1.0" encoding="UTF-8"?>
<!-- Generated by org.testng.reporters.JUnitXMLReporter -->
<testsuite hostname="LAPTOP-92OD1UN2" ignored="0" name="OpenCart Tests" tests="6" failures="0" timestamp="2022-08-02T10:44:25 EDT" time="103.027" errors="0">
  <testcase name="test_accout_Registration" time="13.519" classname="testCases.TC_001_AccountRegistration"/>
  <testcase name="test_Login" time="9.582" classname="testCases.TC_002_Login"/>
  <testcase name="test_LoginDDT" time="6.673" classname="testCases.TC_003_LoginDDT"/>
  <testcase name="test_LoginDDT" time="13.765" classname="testCases.TC_003_LoginDDT"/>
  <testcase name="test_LoginDDT" time="13.699" classname="testCases.TC_003_LoginDDT"/>
  <testcase name="test_LoginDDT" time="12.416" classname="testCases.TC_003_LoginDDT"/>
</testsuite> <!-- OpenCart Tests -->
