<?xml version="1.0" encoding="UTF-8"?>
<testng-results ignored="0" total="2" passed="2" failed="0" skipped="0">
  <reporter-output>
  </reporter-output>
  <suite started-at="2022-08-01T20:08:51 EDT" name="opencartSuite" finished-at="2022-08-01T20:09:19 EDT" duration-ms="28217">
    <groups>
      <group name="regression">
        <method signature="TC_001_AccountRegistration.test_accout_Registration()[pri:0, instance:testCases.TC_001_AccountRegistration@3527942a]" name="test_accout_Registration" class="testCases.TC_001_AccountRegistration"/>
      </group> <!-- regression -->
      <group name="sanity">
        <method signature="TC_002_Login.test_Login()[pri:0, instance:testCases.TC_002_Login@5e600dd5]" name="test_Login" class="testCases.TC_002_Login"/>
      </group> <!-- sanity -->
      <group name="master">
        <method signature="TC_001_AccountRegistration.test_accout_Registration()[pri:0, instance:testCases.TC_001_AccountRegistration@3527942a]" name="test_accout_Registration" class="testCases.TC_001_AccountRegistration"/>
        <method signature="TC_002_Login.test_Login()[pri:0, instance:testCases.TC_002_Login@5e600dd5]" name="test_Login" class="testCases.TC_002_Login"/>
      </group> <!-- master -->
    </groups>
    <test started-at="2022-08-01T20:08:51 EDT" name="opencartTests" finished-at="2022-08-01T20:09:19 EDT" duration-ms="28217">
      <class name="testCases.TC_001_AccountRegistration">
        <test-method is-config="true" signature="setup(java.lang.String)[pri:0, instance:testCases.TC_001_AccountRegistration@3527942a]" started-at="2022-08-01T20:08:51 EDT" name="setup" finished-at="2022-08-01T20:08:56 EDT" duration-ms="4420" status="PASS">
          <params>
            <param index="0">
              <value>
                <![CDATA[chrome]]>
              </value>
            </param>
          </params>
          <reporter-output>
          </reporter-output>
        </test-method> <!-- setup -->
        <test-method signature="test_accout_Registration()[pri:0, instance:testCases.TC_001_AccountRegistration@3527942a]" started-at="2022-08-01T20:08:56 EDT" name="test_accout_Registration" finished-at="2022-08-01T20:09:08 EDT" duration-ms="12706" status="PASS">
          <reporter-output>
          </reporter-output>
        </test-method> <!-- test_accout_Registration -->
        <test-method is-config="true" signature="tearDown()[pri:0, instance:testCases.TC_001_AccountRegistration@3527942a]" started-at="2022-08-01T20:09:08 EDT" name="tearDown" finished-at="2022-08-01T20:09:09 EDT" duration-ms="340" status="PASS">
          <reporter-output>
          </reporter-output>
        </test-method> <!-- tearDown -->
      </class> <!-- testCases.TC_001_AccountRegistration -->
      <class name="testCases.TC_002_Login">
        <test-method is-config="true" signature="setup(java.lang.String)[pri:0, instance:testCases.TC_002_Login@5e600dd5]" started-at="2022-08-01T20:09:09 EDT" name="setup" finished-at="2022-08-01T20:09:12 EDT" duration-ms="2940" status="PASS">
          <params>
            <param index="0">
              <value>
                <![CDATA[chrome]]>
              </value>
            </param>
          </params>
          <reporter-output>
          </reporter-output>
        </test-method> <!-- setup -->
        <test-method signature="test_Login()[pri:0, instance:testCases.TC_002_Login@5e600dd5]" started-at="2022-08-01T20:09:12 EDT" name="test_Login" finished-at="2022-08-01T20:09:19 EDT" duration-ms="6846" status="PASS">
          <reporter-output>
          </reporter-output>
        </test-method> <!-- test_Login -->
        <test-method is-config="true" signature="tearDown()[pri:0, instance:testCases.TC_002_Login@5e600dd5]" started-at="2022-08-01T20:09:19 EDT" name="tearDown" finished-at="2022-08-01T20:09:19 EDT" duration-ms="379" status="PASS">
          <reporter-output>
          </reporter-output>
        </test-method> <!-- tearDown -->
      </class> <!-- testCases.TC_002_Login -->
    </test> <!-- opencartTests -->
  </suite> <!-- opencartSuite -->
</testng-results>
